app/build/intermediates/manifest_merge_blame_file/debug/processDebugMainManifest/manifest-merger-blame-debug-report.txt
1<?xml version="1.0" encoding="utf-8"?>
2<manifest xmlns:android="http://schemas.android.com/apk/res/android"
3    package="com.example.todolistapp"
4    android:versionCode="1"
5    android:versionName="1.0" >
6
7    <uses-sdk
7-->INJECTED
8        android:minSdkVersion="24"
8-->INJECTED
9        android:targetSdkVersion="36" />
9-->INJECTED
10
11    <!-- Although the *SdkVersion is captured in gradle build files, this is required for non gradle builds -->
12    <!-- <uses-sdk android:minSdkVersion="21" /> -->
13    <uses-permission android:name="android.permission.ACCESS_NETWORK_STATE" />
13-->[com.google.firebase:firebase-firestore:25.0.0] AndroidManifest.xml:10:5-79
13-->[com.google.firebase:firebase-firestore:25.0.0] AndroidManifest.xml:10:22-76
14    <uses-permission android:name="android.permission.INTERNET" />
14-->[com.google.firebase:firebase-firestore:25.0.0] AndroidManifest.xml:11:5-67
14-->[com.google.firebase:firebase-firestore:25.0.0] AndroidManifest.xml:11:22-64
15
16    <permission
16-->[androidx.core:core:1.16.0] AndroidManifest.xml:22:5-24:47
17        android:name="com.example.todolistapp.DYNAMIC_RECEIVER_NOT_EXPORTED_PERMISSION"
17-->[androidx.core:core:1.16.0] AndroidManifest.xml:23:9-81
18        android:protectionLevel="signature" />
18-->[androidx.core:core:1.16.0] AndroidManifest.xml:24:9-44
19
20    <uses-permission android:name="com.example.todolistapp.DYNAMIC_RECEIVER_NOT_EXPORTED_PERMISSION" />
20-->[androidx.core:core:1.16.0] AndroidManifest.xml:26:5-97
20-->[androidx.core:core:1.16.0] AndroidManifest.xml:26:22-94
21
22    <application
22-->src\main\AndroidManifest.xml:5:5-25:19
23        android:allowBackup="true"
23-->src\main\AndroidManifest.xml:6:9-35
24        android:appComponentFactory="androidx.core.app.CoreComponentFactory"
24-->[androidx.core:core:1.16.0] AndroidManifest.xml:28:18-86
25        android:dataExtractionRules="@xml/data_extraction_rules"
25-->src\main\AndroidManifest.xml:7:9-65
26        android:debuggable="true"
27        android:extractNativeLibs="false"
27-->INJECTED
28        android:fullBackupContent="@xml/backup_rules"
28-->src\main\AndroidManifest.xml:8:9-54
29        android:icon="@mipmap/ic_launcher"
29-->src\main\AndroidManifest.xml:9:9-43
30        android:label="@string/app_name"
30-->src\main\AndroidManifest.xml:10:9-41
31        android:roundIcon="@mipmap/ic_launcher_round"
31-->src\main\AndroidManifest.xml:11:9-54
32        android:supportsRtl="true"
32-->src\main\AndroidManifest.xml:12:9-35
33        android:testOnly="true"
34        android:theme="@style/Theme.TodoListApp" >
34-->src\main\AndroidManifest.xml:13:9-49
35        <activity
35-->src\main\AndroidManifest.xml:14:9-24:20
36            android:name="com.example.todolistapp.MainActivity"
36-->src\main\AndroidManifest.xml:15:13-41
37            android:exported="true"
37-->src\main\AndroidManifest.xml:16:13-36
38            android:label="@string/app_name"
38-->src\main\AndroidManifest.xml:17:13-45
39            android:theme="@style/Theme.TodoListApp" >
39-->src\main\AndroidManifest.xml:18:13-53
40            <intent-filter>
40-->src\main\AndroidManifest.xml:19:13-23:29
41                <action android:name="android.intent.action.MAIN" />
41-->src\main\AndroidManifest.xml:20:17-69
41-->src\main\AndroidManifest.xml:20:25-66
42
43                <category android:name="android.intent.category.LAUNCHER" />
43-->src\main\AndroidManifest.xml:22:17-77
43-->src\main\AndroidManifest.xml:22:27-74
44            </intent-filter>
45        </activity>
46
47        <service
47-->[com.google.firebase:firebase-firestore-ktx:25.0.0] AndroidManifest.xml:9:9-15:19
48            android:name="com.google.firebase.components.ComponentDiscoveryService"
48-->[com.google.firebase:firebase-firestore-ktx:25.0.0] AndroidManifest.xml:10:13-84
49            android:directBootAware="true"
49-->[com.google.firebase:firebase-common:21.0.0] AndroidManifest.xml:32:13-43
50            android:exported="false" >
50-->[com.google.firebase:firebase-firestore-ktx:25.0.0] AndroidManifest.xml:11:13-37
51            <meta-data
51-->[com.google.firebase:firebase-firestore-ktx:25.0.0] AndroidManifest.xml:12:13-14:85
52                android:name="com.google.firebase.components:com.google.firebase.firestore.ktx.FirebaseFirestoreLegacyRegistrar"
52-->[com.google.firebase:firebase-firestore-ktx:25.0.0] AndroidManifest.xml:13:17-129
53                android:value="com.google.firebase.components.ComponentRegistrar" />
53-->[com.google.firebase:firebase-firestore-ktx:25.0.0] AndroidManifest.xml:14:17-82
54            <meta-data
54-->[com.google.firebase:firebase-firestore:25.0.0] AndroidManifest.xml:17:13-19:85
55                android:name="com.google.firebase.components:com.google.firebase.firestore.FirebaseFirestoreKtxRegistrar"
55-->[com.google.firebase:firebase-firestore:25.0.0] AndroidManifest.xml:18:17-122
56                android:value="com.google.firebase.components.ComponentRegistrar" />
56-->[com.google.firebase:firebase-firestore:25.0.0] AndroidManifest.xml:19:17-82
57            <meta-data
57-->[com.google.firebase:firebase-firestore:25.0.0] AndroidManifest.xml:20:13-22:85
58                android:name="com.google.firebase.components:com.google.firebase.firestore.FirestoreRegistrar"
58-->[com.google.firebase:firebase-firestore:25.0.0] AndroidManifest.xml:21:17-111
59                android:value="com.google.firebase.components.ComponentRegistrar" />
59-->[com.google.firebase:firebase-firestore:25.0.0] AndroidManifest.xml:22:17-82
60            <meta-data
60-->[com.google.firebase:firebase-common-ktx:21.0.0] AndroidManifest.xml:12:13-14:85
61                android:name="com.google.firebase.components:com.google.firebase.ktx.FirebaseCommonLegacyRegistrar"
61-->[com.google.firebase:firebase-common-ktx:21.0.0] AndroidManifest.xml:13:17-116
62                android:value="com.google.firebase.components.ComponentRegistrar" />
62-->[com.google.firebase:firebase-common-ktx:21.0.0] AndroidManifest.xml:14:17-82
63            <meta-data
63-->[com.google.firebase:firebase-common:21.0.0] AndroidManifest.xml:35:13-37:85
64                android:name="com.google.firebase.components:com.google.firebase.FirebaseCommonKtxRegistrar"
64-->[com.google.firebase:firebase-common:21.0.0] AndroidManifest.xml:36:17-109
65                android:value="com.google.firebase.components.ComponentRegistrar" />
65-->[com.google.firebase:firebase-common:21.0.0] AndroidManifest.xml:37:17-82
66        </service>
67
68        <activity
68-->[com.google.android.gms:play-services-base:18.0.1] AndroidManifest.xml:20:9-22:45
69            android:name="com.google.android.gms.common.api.GoogleApiActivity"
69-->[com.google.android.gms:play-services-base:18.0.1] AndroidManifest.xml:20:19-85
70            android:exported="false"
70-->[com.google.android.gms:play-services-base:18.0.1] AndroidManifest.xml:22:19-43
71            android:theme="@android:style/Theme.Translucent.NoTitleBar" />
71-->[com.google.android.gms:play-services-base:18.0.1] AndroidManifest.xml:21:19-78
72
73        <provider
73-->[com.google.firebase:firebase-common:21.0.0] AndroidManifest.xml:23:9-28:39
74            android:name="com.google.firebase.provider.FirebaseInitProvider"
74-->[com.google.firebase:firebase-common:21.0.0] AndroidManifest.xml:24:13-77
75            android:authorities="com.example.todolistapp.firebaseinitprovider"
75-->[com.google.firebase:firebase-common:21.0.0] AndroidManifest.xml:25:13-72
76            android:directBootAware="true"
76-->[com.google.firebase:firebase-common:21.0.0] AndroidManifest.xml:26:13-43
77            android:exported="false"
77-->[com.google.firebase:firebase-common:21.0.0] AndroidManifest.xml:27:13-37
78            android:initOrder="100" />
78-->[com.google.firebase:firebase-common:21.0.0] AndroidManifest.xml:28:13-36
79        <provider
79-->[androidx.emoji2:emoji2:1.4.0] AndroidManifest.xml:24:9-32:20
80            android:name="androidx.startup.InitializationProvider"
80-->[androidx.emoji2:emoji2:1.4.0] AndroidManifest.xml:25:13-67
81            android:authorities="com.example.todolistapp.androidx-startup"
81-->[androidx.emoji2:emoji2:1.4.0] AndroidManifest.xml:26:13-68
82            android:exported="false" >
82-->[androidx.emoji2:emoji2:1.4.0] AndroidManifest.xml:27:13-37
83            <meta-data
83-->[androidx.emoji2:emoji2:1.4.0] AndroidManifest.xml:29:13-31:52
84                android:name="androidx.emoji2.text.EmojiCompatInitializer"
84-->[androidx.emoji2:emoji2:1.4.0] AndroidManifest.xml:30:17-75
85                android:value="androidx.startup" />
85-->[androidx.emoji2:emoji2:1.4.0] AndroidManifest.xml:31:17-49
86            <meta-data
86-->[androidx.lifecycle:lifecycle-process:2.9.4] AndroidManifest.xml:29:13-31:52
87                android:name="androidx.lifecycle.ProcessLifecycleInitializer"
87-->[androidx.lifecycle:lifecycle-process:2.9.4] AndroidManifest.xml:30:17-78
88                android:value="androidx.startup" />
88-->[androidx.lifecycle:lifecycle-process:2.9.4] AndroidManifest.xml:31:17-49
89            <meta-data
89-->[androidx.profileinstaller:profileinstaller:1.4.0] AndroidManifest.xml:29:13-31:52
90                android:name="androidx.profileinstaller.ProfileInstallerInitializer"
90-->[androidx.profileinstaller:profileinstaller:1.4.0] AndroidManifest.xml:30:17-85
91                android:value="androidx.startup" />
91-->[androidx.profileinstaller:profileinstaller:1.4.0] AndroidManifest.xml:31:17-49
92        </provider>
93
94        <uses-library
94-->[androidx.window:window:1.5.0] AndroidManifest.xml:23:9-25:40
95            android:name="androidx.window.extensions"
95-->[androidx.window:window:1.5.0] AndroidManifest.xml:24:13-54
96            android:required="false" />
96-->[androidx.window:window:1.5.0] AndroidManifest.xml:25:13-37
97        <uses-library
97-->[androidx.window:window:1.5.0] AndroidManifest.xml:26:9-28:40
98            android:name="androidx.window.sidecar"
98-->[androidx.window:window:1.5.0] AndroidManifest.xml:27:13-51
99            android:required="false" />
99-->[androidx.window:window:1.5.0] AndroidManifest.xml:28:13-37
100
101        <meta-data
101-->[com.google.android.gms:play-services-basement:18.3.0] AndroidManifest.xml:21:9-23:69
102            android:name="com.google.android.gms.version"
102-->[com.google.android.gms:play-services-basement:18.3.0] AndroidManifest.xml:22:13-58
103            android:value="@integer/google_play_services_version" />
103-->[com.google.android.gms:play-services-basement:18.3.0] AndroidManifest.xml:23:13-66
104
105        <activity
105-->[androidx.compose.ui:ui-test-manifest:1.10.4] AndroidManifest.xml:23:9-26:79
106            android:name="androidx.activity.ComponentActivity"
106-->[androidx.compose.ui:ui-test-manifest:1.10.4] AndroidManifest.xml:24:13-63
107            android:exported="true"
107-->[androidx.compose.ui:ui-test-manifest:1.10.4] AndroidManifest.xml:25:13-36
108            android:theme="@android:style/Theme.Material.Light.NoActionBar" />
108-->[androidx.compose.ui:ui-test-manifest:1.10.4] AndroidManifest.xml:26:13-76
109        <activity
109-->[androidx.compose.ui:ui-tooling-android:1.10.4] AndroidManifest.xml:23:9-25:39
110            android:name="androidx.compose.ui.tooling.PreviewActivity"
110-->[androidx.compose.ui:ui-tooling-android:1.10.4] AndroidManifest.xml:24:13-71
111            android:exported="true" />
111-->[androidx.compose.ui:ui-tooling-android:1.10.4] AndroidManifest.xml:25:13-36
112
113        <receiver
113-->[androidx.profileinstaller:profileinstaller:1.4.0] AndroidManifest.xml:34:9-52:20
114            android:name="androidx.profileinstaller.ProfileInstallReceiver"
114-->[androidx.profileinstaller:profileinstaller:1.4.0] AndroidManifest.xml:35:13-76
115            android:directBootAware="false"
115-->[androidx.profileinstaller:profileinstaller:1.4.0] AndroidManifest.xml:36:13-44
116            android:enabled="true"
116-->[androidx.profileinstaller:profileinstaller:1.4.0] AndroidManifest.xml:37:13-35
117            android:exported="true"
117-->[androidx.profileinstaller:profileinstaller:1.4.0] AndroidManifest.xml:38:13-36
118            android:permission="android.permission.DUMP" >
118-->[androidx.profileinstaller:profileinstaller:1.4.0] AndroidManifest.xml:39:13-57
119            <intent-filter>
119-->[androidx.profileinstaller:profileinstaller:1.4.0] AndroidManifest.xml:40:13-42:29
120                <action android:name="androidx.profileinstaller.action.INSTALL_PROFILE" />
120-->[androidx.profileinstaller:profileinstaller:1.4.0] AndroidManifest.xml:41:17-91
120-->[androidx.profileinstaller:profileinstaller:1.4.0] AndroidManifest.xml:41:25-88
121            </intent-filter>
122            <intent-filter>
122-->[androidx.profileinstaller:profileinstaller:1.4.0] AndroidManifest.xml:43:13-45:29
123                <action android:name="androidx.profileinstaller.action.SKIP_FILE" />
123-->[androidx.profileinstaller:profileinstaller:1.4.0] AndroidManifest.xml:44:17-85
123-->[androidx.profileinstaller:profileinstaller:1.4.0] AndroidManifest.xml:44:25-82
124            </intent-filter>
125            <intent-filter>
125-->[androidx.profileinstaller:profileinstaller:1.4.0] AndroidManifest.xml:46:13-48:29
126                <action android:name="androidx.profileinstaller.action.SAVE_PROFILE" />
126-->[androidx.profileinstaller:profileinstaller:1.4.0] AndroidManifest.xml:47:17-88
126-->[androidx.profileinstaller:profileinstaller:1.4.0] AndroidManifest.xml:47:25-85
127            </intent-filter>
128            <intent-filter>
128-->[androidx.profileinstaller:profileinstaller:1.4.0] AndroidManifest.xml:49:13-51:29
129                <action android:name="androidx.profileinstaller.action.BENCHMARK_OPERATION" />
129-->[androidx.profileinstaller:profileinstaller:1.4.0] AndroidManifest.xml:50:17-95
129-->[androidx.profileinstaller:profileinstaller:1.4.0] AndroidManifest.xml:50:25-92
130            </intent-filter>
131        </receiver>
132    </application>
133
134</manifest>